<?xml version="1.0" encoding="UTF-8"?>
<!-- Generated by org.testng.reporters.JUnitReportReporter -->
<testsuite hostname="SiddhiRao-FVFGWQ7VQ05D" failures="0" tests="1" name="percy.test.percyCompareURLs" time="5.348" errors="0" timestamp="15 Nov 2022 16:08:40 GMT">
  <testcase classname="percy.test.percyCompareURLs" name="snapshotCompare" time="5.348"/>
</testsuite> <!-- percy.test.percyCompareURLs -->
