<?xml version="1.0" encoding="UTF-8"?>
<!-- Generated by org.testng.reporters.JUnitReportReporter -->
<testsuite hostname="SiddhiRao-FVFGWQ7VQ05D" failures="0" tests="1" name="percy.test.percyCompareURLs" time="14.228" errors="0" timestamp="21 Oct 2022 14:04:05 GMT">
  <testcase classname="percy.test.percyCompareURLs" name="snapshotCompare" time="14.228"/>
</testsuite> <!-- percy.test.percyCompareURLs -->
