<?xml version="1.0" encoding="UTF-8"?>
<!-- Generated by org.testng.reporters.JUnitReportReporter -->
<testsuite hostname="SiddhiRao-FVFGWQ7VQ05D" failures="0" tests="1" name="percy.test.htmlTest" time="7.258" errors="0" timestamp="21 Oct 2022 11:34:15 GMT">
  <testcase classname="percy.test.htmlTest" name="loadsHomePage" time="7.258"/>
</testsuite> <!-- percy.test.htmlTest -->
